Applying patch st-alpha-0.8.1.diff...
patching file config.mk
patching file st.h
patching file x.c
Hunk #4 succeeded at 751 with fuzz 2.
Hunk #6 succeeded at 1028 with fuzz 2 (offset 1 line).
Hunk #7 succeeded at 1071 (offset 1 line).
Hunk #8 succeeded at 1098 (offset 1 line).
Applying patch st-copyurl-20180418-7e810b5.diff...
patching file st.c
Hunk #1 succeeded at 2616 (offset -1 lines).
patching file st.h
Applying patch st-scrollback-0.8.diff...
patching file st.c
Hunk #8 succeeded at 838 (offset -1 lines).
Hunk #9 succeeded at 848 (offset -1 lines).
Hunk #10 succeeded at 1062 (offset -1 lines).
Hunk #11 succeeded at 1123 (offset -1 lines).
Hunk #12 succeeded at 1185 (offset -1 lines).
Hunk #13 succeeded at 1350 (offset -1 lines).
Hunk #14 succeeded at 1786 (offset -1 lines).
Hunk #15 succeeded at 2314 (offset -1 lines).
Hunk #16 succeeded at 2327 (offset -1 lines).
Hunk #17 succeeded at 2546 (offset -1 lines).
Hunk #18 succeeded at 2583 (offset -1 lines).
Hunk #19 succeeded at 2648 (offset -1 lines).
Hunk #20 succeeded at 2669 (offset -1 lines).
patching file st.h
Hunk #3 succeeded at 117 (offset 1 line).
Applying patch st-scrollback-mouse-0.8.diff...
patching file st.h
Hunk #2 succeeded at 138 with fuzz 1 (offset 2 lines).
patching file x.c
Hunk #1 succeeded at 414 (offset 5 lines).
Hunk #2 succeeded at 430 (offset 5 lines).
Applying patch st-visualbell-0.8.1.diff...
patching file x.c
Hunk #1 succeeded at 244 (offset 5 lines).
Hunk #2 succeeded at 1683 (offset 68 lines).
Hunk #3 succeeded at 1918 (offset 68 lines).
